2025-03-27 14:40:41.231 | INFO     | utils.logger:<module>:36 - Logging to file: logs\project_log.log
2025-03-27 14:40:41.231 | INFO     | __main__:main:162 - ==================================
2025-03-27 14:40:41.232 | INFO     | __main__:main:163 - STARTING prepare_customers_data.py
2025-03-27 14:40:41.232 | INFO     | __main__:main:164 - ==================================
2025-03-27 14:40:41.232 | INFO     | __main__:main:166 - Root project folder: C:\Projects\smart-store-branton
2025-03-27 14:40:41.232 | INFO     | __main__:main:167 - data / raw folder: C:\Projects\smart-store-branton\data\raw
2025-03-27 14:40:41.237 | INFO     | __main__:main:168 - data / prepared folder: C:\Projects\smart-store-branton\data\prepared
2025-03-27 14:40:41.237 | INFO     | __main__:main:169 - scripts folder: C:\Projects\smart-store-branton\scripts
2025-03-27 14:40:41.238 | INFO     | __main__:read_raw_data:66 - FUNCTION START: read_raw_data with file_name=customers_data.csv
2025-03-27 14:40:41.238 | INFO     | __main__:read_raw_data:68 - Reading data from C:\Projects\smart-store-branton\data\raw\customers_data.csv
2025-03-27 14:40:41.240 | INFO     | __main__:read_raw_data:70 - Loaded dataframe with 11 rows and 6 columns
2025-03-27 14:40:41.241 | INFO     | __main__:main:178 - Initial dataframe columns: CustomerID, Name, Region, JoinDate, LoyaltyPoints, PreferredContactMethod
2025-03-27 14:40:41.241 | INFO     | __main__:main:179 - Initial dataframe shape: (11, 6)
2025-03-27 14:40:41.241 | INFO     | __main__:remove_duplicates:98 - FUNCTION START: remove_duplicates with dataframe shape=(11, 6)
2025-03-27 14:40:41.242 | INFO     | __main__:remove_duplicates:102 - Removed 0 duplicate rows
2025-03-27 14:40:41.243 | INFO     | __main__:remove_duplicates:103 - 11 records remaining after removing duplicates.
2025-03-27 14:40:41.243 | INFO     | __main__:handle_missing_values:117 - FUNCTION START: handle_missing_values with dataframe shape=(11, 6)
2025-03-27 14:40:41.244 | INFO     | __main__:handle_missing_values:121 - Total missing values before handling: 2
2025-03-27 14:40:41.246 | INFO     | __main__:handle_missing_values:130 - Total missing values after handling: 0
2025-03-27 14:40:41.247 | INFO     | __main__:handle_missing_values:131 - 11 records remaining after handling missing values.
2025-03-27 14:40:41.247 | INFO     | __main__:remove_outliers:145 - FUNCTION START: remove_outliers with dataframe shape=(11, 6)
2025-03-27 14:40:41.247 | INFO     | __main__:remove_outliers:153 - Removed 0 outlier rows
2025-03-27 14:40:41.247 | INFO     | __main__:remove_outliers:154 - 11 records remaining after removing outliers.
2025-03-27 14:40:41.247 | INFO     | __main__:save_prepared_data:81 - FUNCTION START: save_prepared_data with file_name=customers_data_prepared.csv, dataframe shape=(11, 6)
2025-03-27 14:40:41.249 | INFO     | __main__:save_prepared_data:84 - Data saved to C:\Projects\smart-store-branton\data\prepared\customers_data_prepared.csv
2025-03-27 14:40:41.250 | INFO     | __main__:main:202 - ==================================
2025-03-27 14:40:41.250 | INFO     | __main__:main:203 - FINISHED prepare_customers_data.py
2025-03-27 14:40:41.250 | INFO     | __main__:main:204 - ==================================
2025-03-27 14:41:28.873 | INFO     | utils.logger:<module>:36 - Logging to file: logs\project_log.log
2025-03-27 14:41:28.874 | INFO     | __main__:main:257 - ==================================
2025-03-27 14:41:28.874 | INFO     | __main__:main:258 - STARTING prepare_products_data.py
2025-03-27 14:41:28.874 | INFO     | __main__:main:259 - ==================================
2025-03-27 14:41:28.874 | INFO     | __main__:main:261 - Root project folder: C:\Projects\smart-store-branton
2025-03-27 14:41:28.875 | INFO     | __main__:main:262 - data / raw folder: C:\Projects\smart-store-branton\data\raw
2025-03-27 14:41:28.875 | INFO     | __main__:main:263 - data / prepared folder: C:\Projects\smart-store-branton\data\prepared
2025-03-27 14:41:28.875 | INFO     | __main__:read_raw_data:69 - FUNCTION START: read_raw_data with file_name=products_data.csv
2025-03-27 14:41:28.875 | INFO     | __main__:read_raw_data:71 - Reading data from C:\Projects\smart-store-branton\data\raw\products_data.csv
2025-03-27 14:41:28.876 | INFO     | __main__:read_raw_data:73 - Loaded dataframe with 11 rows and 7 columns
2025-03-27 14:41:28.877 | INFO     | __main__:read_raw_data:78 - Column datatypes: 
ProductID        int64
ProductName     object
Category        object
UnitPrice      float64
YearAdded        int64
Subcategory     object
Quantity         int64
dtype: object
2025-03-27 14:41:28.878 | INFO     | __main__:read_raw_data:79 - Number of unique values: 
ProductID      9
ProductName    8
Category       3
UnitPrice      9
YearAdded      6
Subcategory    7
Quantity       8
dtype: int64
2025-03-27 14:41:28.878 | INFO     | __main__:main:272 - Initial dataframe columns: ProductID, ProductName, Category, UnitPrice, YearAdded, Subcategory, Quantity
2025-03-27 14:41:28.879 | INFO     | __main__:main:273 - Initial dataframe shape: (11, 7)
2025-03-27 14:41:28.879 | INFO     | __main__:main:282 - Cleaned column names: ProductID -> productid, ProductName -> productname, Category -> category, UnitPrice -> unitprice, YearAdded -> yearadded, Subcategory -> subcategory, Quantity -> quantity
2025-03-27 14:41:28.879 | INFO     | __main__:remove_duplicates:106 - FUNCTION START: remove_duplicates with dataframe shape=(11, 7)
2025-03-27 14:41:28.880 | INFO     | __main__:remove_duplicates:116 - Removed 2 duplicate rows
2025-03-27 14:41:28.881 | INFO     | __main__:remove_duplicates:117 - 9 records remaining after removing duplicates.
2025-03-27 14:41:28.881 | INFO     | __main__:handle_missing_values:131 - FUNCTION START: handle_missing_values with dataframe shape=(9, 7)
2025-03-27 14:41:28.882 | INFO     | __main__:handle_missing_values:136 - Missing values by column before handling:
productid      0
productname    0
category       0
unitprice      0
yearadded      0
subcategory    0
quantity       0
dtype: int64
2025-03-27 14:41:28.882 | INFO     | __main__:handle_missing_values:156 - Missing values by column after handling:
productid      0
productname    0
category       0
unitprice      0
yearadded      0
subcategory    0
quantity       0
dtype: int64
2025-03-27 14:41:28.883 | INFO     | __main__:handle_missing_values:157 - 9 records remaining after handling missing values.
2025-03-27 14:41:28.883 | INFO     | __main__:standardize_formats:218 - FUNCTION START: standardize_formats with dataframe shape=(9, 7)
2025-03-27 14:41:28.883 | INFO     | __main__:standardize_formats:228 - Completed standardizing formats
2025-03-27 14:41:28.883 | INFO     | __main__:remove_outliers:170 - FUNCTION START: remove_outliers with dataframe shape=(9, 7)
2025-03-27 14:41:28.883 | INFO     | __main__:remove_outliers:171 - Columns in DataFrame: ['productid', 'productname', 'category', 'unitprice', 'yearadded', 'subcategory', 'quantity']
2025-03-27 14:41:28.885 | INFO     | __main__:remove_outliers:191 - Quantity IQR: Q1=5.0, Q3=11.0, IQR=6.0
2025-03-27 14:41:28.885 | INFO     | __main__:remove_outliers:192 - Quantity bounds: lower=-4.0, upper=20.0
2025-03-27 14:41:28.886 | INFO     | __main__:remove_outliers:196 - Applied outlier removal to quantity: bounds [-4.0, 20.0]
2025-03-27 14:41:28.886 | INFO     | __main__:remove_outliers:204 - Total outlier rows removed: 1
2025-03-27 14:41:28.886 | INFO     | __main__:remove_outliers:205 - 8 records remaining after removing outliers.
2025-03-27 14:41:28.887 | INFO     | __main__:validate_data:241 - FUNCTION START: validate_data with dataframe shape=(8, 7)
2025-03-27 14:41:28.887 | INFO     | __main__:validate_data:250 - Data validation complete
2025-03-27 14:41:28.887 | INFO     | __main__:save_prepared_data:91 - FUNCTION START: save_prepared_data with file_name=products_data_prepared.csv, dataframe shape=(8, 7)
2025-03-27 14:41:28.889 | INFO     | __main__:save_prepared_data:94 - Data saved to C:\Projects\smart-store-branton\data\prepared\products_data_prepared.csv
2025-03-27 14:41:28.890 | INFO     | __main__:main:295 - ==================================
2025-03-27 14:41:28.890 | INFO     | __main__:main:296 - FINISHED prepare_products_data.py
2025-03-27 14:41:28.890 | INFO     | __main__:main:297 - ==================================
2025-03-27 14:41:45.671 | INFO     | utils.logger:<module>:36 - Logging to file: logs\project_log.log
2025-03-27 14:41:45.673 | INFO     | __main__:main:59 - ======================
2025-03-27 14:41:45.673 | INFO     | __main__:main:60 - STARTING data_prep.py
2025-03-27 14:41:45.673 | INFO     | __main__:main:61 - ======================
2025-03-27 14:41:45.673 | INFO     | __main__:main:63 - ========================
2025-03-27 14:41:45.673 | INFO     | __main__:main:64 - Starting SALES prep
2025-03-27 14:41:45.674 | INFO     | __main__:main:65 - ========================
2025-03-27 14:41:45.693 | INFO     | __main__:save_prepared_data:55 - Data saved to C:\Projects\smart-store-branton\data\prepared\sales_data_prepared.csv
2025-03-27 14:41:45.693 | INFO     | __main__:main:84 - ======================
2025-03-27 14:41:45.694 | INFO     | __main__:main:85 - FINISHED data_prep.py
2025-03-27 14:41:45.694 | INFO     | __main__:main:86 - ======================
