2025-03-27 14:42:08.481 | INFO     | utils.logger:<module>:36 - Logging to file: logs\project_log.log
2025-03-27 14:42:08.483 | INFO     | __main__:main:59 - ======================
2025-03-27 14:42:08.483 | INFO     | __main__:main:60 - STARTING data_prep.py
2025-03-27 14:42:08.483 | INFO     | __main__:main:61 - ======================
2025-03-27 14:42:08.483 | INFO     | __main__:main:63 - ========================
2025-03-27 14:42:08.483 | INFO     | __main__:main:64 - Starting CUSTOMERS prep
2025-03-27 14:42:08.484 | INFO     | __main__:main:65 - ========================
2025-03-27 14:42:08.497 | INFO     | __main__:save_prepared_data:55 - Data saved to C:\Projects\smart-store-branton\data\prepared\customers_data_prepared.csv
2025-03-27 14:42:08.507 | INFO     | __main__:main:85 - ========================
2025-03-27 14:42:08.508 | INFO     | __main__:main:86 - Starting PRODUCTS prep
2025-03-27 14:42:08.508 | INFO     | __main__:main:87 - ========================
2025-03-27 14:42:08.518 | INFO     | __main__:save_prepared_data:55 - Data saved to C:\Projects\smart-store-branton\data\prepared\products_data_prepared.csv
2025-03-27 14:42:08.518 | INFO     | __main__:main:103 - ========================
2025-03-27 14:42:08.519 | INFO     | __main__:main:104 - Starting SALES prep
2025-03-27 14:42:08.519 | INFO     | __main__:main:105 - ========================
2025-03-27 14:42:08.533 | INFO     | __main__:save_prepared_data:55 - Data saved to C:\Projects\smart-store-branton\data\prepared\sales_data_prepared.csv
2025-03-27 14:42:08.534 | INFO     | __main__:main:124 - ======================
2025-03-27 14:42:08.534 | INFO     | __main__:main:125 - FINISHED data_prep.py
2025-03-27 14:42:08.534 | INFO     | __main__:main:126 - ======================
2025-04-02 14:33:36.579 | INFO     | utils.logger:<module>:36 - Logging to file: logs\project_log.log
2025-04-02 14:33:36.579 | INFO     | __main__:main:121 - Starting data warehouse creation...
2025-04-02 14:33:36.585 | INFO     | __main__:create_customer_table:50 - customer table created.
2025-04-02 14:33:36.589 | INFO     | __main__:create_product_table:67 - product table created.
2025-04-02 14:33:36.593 | INFO     | __main__:create_sale_table:90 - sale table created.
2025-04-02 14:33:36.594 | INFO     | __main__:create_dw:109 - Data warehouse created successfully.
2025-04-02 14:33:36.594 | INFO     | __main__:main:123 - Data warehouse creation complete.
